<?xml version="1.0" encoding="UTF-8"?>
<!-- Generated by org.testng.reporters.JUnitReportReporter -->
<testsuite hostname="DESKTOP-THUOFRI" failures="0" tests="1" name="Test.Contact_us" time="7.795" errors="0" timestamp="2024-01-03T12:18:22 IST" skipped="0">
  <testcase classname="Test.Contact_us" name="click_on_contact_us" time="7.795"/>
  <system-out/>
</testsuite> <!-- Test.Contact_us -->
