<?xml version="1.0" encoding="UTF-8"?>
<!-- Generated by org.testng.reporters.JUnitReportReporter -->
<testsuite hostname="DESKTOP-THUOFRI" failures="0" tests="1" name="Test.TC01" time="4.049" errors="0" timestamp="2024-01-02T15:39:05 IST" skipped="0">
  <testcase classname="Test.TC01" name="Login" time="4.049"/>
  <system-out/>
</testsuite> <!-- Test.TC01 -->
